<!DOCTYPE html PUBLIC "-//W3C//DTD XHTML 1.1//EN" "http://www.w3.org/TR/xhtml11/DTD/xhtml11.dtd">
<html xmlns="http://www.w3.org/1999/xhtml">
<head>
<meta http-equiv="content-type" content="text/html; charset=UTF-8"/>
<title>TestNG Report</title>
<style type="text/css">table {margin-bottom:10px;border-collapse:collapse;empty-cells:show}th,td {border:1px solid #009;padding:.25em .5em}th {vertical-align:bottom}td {vertical-align:top}table a {font-weight:bold}.stripe td {background-color: #E6EBF9}.num {text-align:right}.passedodd td {background-color: #3F3}.passedeven td {background-color: #0A0}.skippedodd td {background-color: #DDD}.skippedeven td {background-color: #CCC}.failedodd td,.attn {background-color: #F33}.failedeven td,.stripe .attn {background-color: #D00}.stacktrace {white-space:pre;font-family:monospace}.totop {font-size:85%;text-align:center;border-bottom:2px solid #000}.invisible {display:none}</style>
</head>
<body>
<table>
<tr><th>Test</th><th># Passed</th><th># Skipped</th><th># Retried</th><th># Failed</th><th>Time (ms)</th><th>Included Groups</th><th>Excluded Groups</th></tr>
<tr><th colspan="8">parallel</th></tr>
<tr><td><a href="#t0">Device-1</a></td><td class="num">5</td><td class="num">0</td><td class="num">0</td><td class="num attn">4</td><td class="num">706,801</td><td></td><td></td></tr>
</table>
<table id='summary'><thead><tr><th>Class</th><th>Method</th><th>Start</th><th>Time (ms)</th></tr></thead><tbody><tr><th colspan="4">parallel</th></tr></tbody><tbody id="t0"><tr><th colspan="4">Device-1 &#8212; failed</th></tr><tr class="failedeven"><td rowspan="4">tests.BaseClass</td><td><a href="#m0">sendEmail</a></td><td rowspan="4">1593074479132</td><td rowspan="4">38769</td></tr><tr class="failedeven"><td><a href="#m1">sendEmail</a></td></tr><tr class="failedeven"><td><a href="#m2">sendEmail</a></td></tr><tr class="failedeven"><td><a href="#m3">sendEmail</a></td></tr><tr><th colspan="4">Device-1 &#8212; passed</th></tr><tr class="passedeven"><td rowspan="5">tests.BaseClass</td><td><a href="#m4">sendEmail</a></td><td rowspan="5">1593074329675</td><td rowspan="5">35253</td></tr><tr class="passedeven"><td><a href="#m5">sendEmail</a></td></tr><tr class="passedeven"><td><a href="#m6">sendEmail</a></td></tr><tr class="passedeven"><td><a href="#m7">sendEmail</a></td></tr><tr class="passedeven"><td><a href="#m8">sendEmail</a></td></tr></tbody>
</table>
<h2>Device-1</h2><h3 id="m0">tests.BaseClass#sendEmail</h3><table class="result"><tr class="param"><th>Parameter #1</th><th>Parameter #2</th><th>Parameter #3</th><th>Parameter #4</th><th>Parameter #5</th></tr><tr class="param stripe"><td>lqademomail@gmail.com</td><td>lqademomail1@gmail.com</td><td>lqa@12345</td><td>Appium Demo Email</td><td>This is auto email</td></tr><tr><th colspan="5">Exception</th></tr><tr><td colspan="5"><div class="stacktrace">org.openqa.selenium.StaleElementReferenceException: stale element reference: element is not attached to the page document
  (Session info: chrome=83.0.4103.116)
For documentation on this error, please visit: https://www.seleniumhq.org/exceptions/stale_element_reference.html
Build info: version: &apos;3.141.59&apos;, revision: &apos;e82be7d358&apos;, time: &apos;2018-11-14T08:17:03&apos;
System info: host: &apos;DESKTOP-HEJ0U33&apos;, ip: &apos;192.168.137.1&apos;, os.name: &apos;Windows 10&apos;, os.arch: &apos;amd64&apos;, os.version: &apos;10.0&apos;, java.version: &apos;14.0.1&apos;
Driver info: org.openqa.selenium.chrome.ChromeDriver
Capabilities {acceptInsecureCerts: false, browserName: chrome, browserVersion: 83.0.4103.116, chrome: {chromedriverVersion: 83.0.4103.39 (ccbf011cb2d2b..., userDataDir: C:\Users\NhanDT\AppData\Loc...}, goog:chromeOptions: {debuggerAddress: localhost:61202}, javascriptEnabled: true, networkConnectionEnabled: false, pageLoadStrategy: normal, platform: WINDOWS, platformName: WINDOWS, proxy: Proxy(), setWindowRect: true, strictFileInteractability: false, timeouts: {implicit: 0, pageLoad: 300000, script: 30000}, unhandledPromptBehavior: dismiss and notify, webauthn:virtualAuthenticators: true}
Session ID: 87324a48af61e246d0265ad9cfd19f77
	at org.openqa.selenium.remote.http.W3CHttpResponseCodec.createException(W3CHttpResponseCodec.java:187)
	at org.openqa.selenium.remote.http.W3CHttpResponseCodec.decode(W3CHttpResponseCodec.java:122)
	at org.openqa.selenium.remote.http.W3CHttpResponseCodec.decode(W3CHttpResponseCodec.java:49)
	at org.openqa.selenium.remote.HttpCommandExecutor.execute(HttpCommandExecutor.java:158)
	at org.openqa.selenium.remote.service.DriverCommandExecutor.execute(DriverCommandExecutor.java:83)
	at org.openqa.selenium.remote.RemoteWebDriver.execute(RemoteWebDriver.java:552)
	at org.openqa.selenium.remote.RemoteWebElement.execute(RemoteWebElement.java:285)
	at org.openqa.selenium.remote.RemoteWebElement.getText(RemoteWebElement.java:166)
	at pages.GoogleEmail.isExistMailFrom(GoogleEmail.java:195)
	at pages.GoogleEmail.waitForNewEmailFrom(GoogleEmail.java:148)
	at tests.BaseClass.sendEmail(BaseClass.java:67)
	at java.base/java.util.ArrayList.forEach(ArrayList.java:1510)
... Removed 35 stack frames</div></td></tr></table><p class="totop"><a href="#summary">back to summary</a></p>
<h3 id="m1">tests.BaseClass#sendEmail</h3><table class="result"><tr class="param"><th>Parameter #1</th><th>Parameter #2</th><th>Parameter #3</th><th>Parameter #4</th><th>Parameter #5</th></tr><tr class="param stripe"><td>lqademomail1@gmail.com</td><td>lqademomail@gmail.com</td><td>lqa@12345</td><td>Appium Demo Email</td><td>This is auto email</td></tr><tr><th colspan="5">Exception</th></tr><tr><td colspan="5"><div class="stacktrace">org.openqa.selenium.StaleElementReferenceException: stale element reference: element is not attached to the page document
  (Session info: chrome=83.0.4103.116)
For documentation on this error, please visit: https://www.seleniumhq.org/exceptions/stale_element_reference.html
Build info: version: &apos;3.141.59&apos;, revision: &apos;e82be7d358&apos;, time: &apos;2018-11-14T08:17:03&apos;
System info: host: &apos;DESKTOP-HEJ0U33&apos;, ip: &apos;192.168.137.1&apos;, os.name: &apos;Windows 10&apos;, os.arch: &apos;amd64&apos;, os.version: &apos;10.0&apos;, java.version: &apos;14.0.1&apos;
Driver info: org.openqa.selenium.chrome.ChromeDriver
Capabilities {acceptInsecureCerts: false, browserName: chrome, browserVersion: 83.0.4103.116, chrome: {chromedriverVersion: 83.0.4103.39 (ccbf011cb2d2b..., userDataDir: C:\Users\NhanDT\AppData\Loc...}, goog:chromeOptions: {debuggerAddress: localhost:55737}, javascriptEnabled: true, networkConnectionEnabled: false, pageLoadStrategy: normal, platform: WINDOWS, platformName: WINDOWS, proxy: Proxy(), setWindowRect: true, strictFileInteractability: false, timeouts: {implicit: 0, pageLoad: 300000, script: 30000}, unhandledPromptBehavior: dismiss and notify, webauthn:virtualAuthenticators: true}
Session ID: 6f090e8b06c577dd401b4c318658b337
	at org.openqa.selenium.remote.http.W3CHttpResponseCodec.createException(W3CHttpResponseCodec.java:187)
	at org.openqa.selenium.remote.http.W3CHttpResponseCodec.decode(W3CHttpResponseCodec.java:122)
	at org.openqa.selenium.remote.http.W3CHttpResponseCodec.decode(W3CHttpResponseCodec.java:49)
	at org.openqa.selenium.remote.HttpCommandExecutor.execute(HttpCommandExecutor.java:158)
	at org.openqa.selenium.remote.service.DriverCommandExecutor.execute(DriverCommandExecutor.java:83)
	at org.openqa.selenium.remote.RemoteWebDriver.execute(RemoteWebDriver.java:552)
	at org.openqa.selenium.remote.RemoteWebElement.execute(RemoteWebElement.java:285)
	at org.openqa.selenium.remote.RemoteWebElement.getText(RemoteWebElement.java:166)
	at pages.GoogleEmail.isExistMailFrom(GoogleEmail.java:176)
	at pages.GoogleEmail.waitForNewEmailFrom(GoogleEmail.java:148)
	at tests.BaseClass.sendEmail(BaseClass.java:67)
	at java.base/java.util.ArrayList.forEach(ArrayList.java:1510)
... Removed 35 stack frames</div></td></tr></table><p class="totop"><a href="#summary">back to summary</a></p>
<h3 id="m2">tests.BaseClass#sendEmail</h3><table class="result"><tr class="param"><th>Parameter #1</th><th>Parameter #2</th><th>Parameter #3</th><th>Parameter #4</th><th>Parameter #5</th></tr><tr class="param stripe"><td>lqademomail1@gmail.com</td><td>lqaavn@gmail.com</td><td>lqa@12345</td><td>Appium Demo Email</td><td>This is auto email</td></tr><tr><th colspan="5">Exception</th></tr><tr><td colspan="5"><div class="stacktrace">org.openqa.selenium.NoSuchElementException: no such element: Unable to locate element: {&quot;method&quot;:&quot;xpath&quot;,&quot;selector&quot;:&quot;//*[@id=&quot;password&quot;]//input&quot;}
  (Session info: chrome=83.0.4103.116)
For documentation on this error, please visit: https://www.seleniumhq.org/exceptions/no_such_element.html
Build info: version: &apos;3.141.59&apos;, revision: &apos;e82be7d358&apos;, time: &apos;2018-11-14T08:17:03&apos;
System info: host: &apos;DESKTOP-HEJ0U33&apos;, ip: &apos;192.168.137.1&apos;, os.name: &apos;Windows 10&apos;, os.arch: &apos;amd64&apos;, os.version: &apos;10.0&apos;, java.version: &apos;14.0.1&apos;
Driver info: org.openqa.selenium.chrome.ChromeDriver
Capabilities {acceptInsecureCerts: false, browserName: chrome, browserVersion: 83.0.4103.116, chrome: {chromedriverVersion: 83.0.4103.39 (ccbf011cb2d2b..., userDataDir: C:\Users\NhanDT\AppData\Loc...}, goog:chromeOptions: {debuggerAddress: localhost:55903}, javascriptEnabled: true, networkConnectionEnabled: false, pageLoadStrategy: normal, platform: WINDOWS, platformName: WINDOWS, proxy: Proxy(), setWindowRect: true, strictFileInteractability: false, timeouts: {implicit: 0, pageLoad: 300000, script: 30000}, unhandledPromptBehavior: dismiss and notify, webauthn:virtualAuthenticators: true}
Session ID: 33318e6d636c51d94839089914258c2f
*** Element info: {Using=xpath, value=//*[@id=&quot;password&quot;]//input}
	at org.openqa.selenium.remote.http.W3CHttpResponseCodec.createException(W3CHttpResponseCodec.java:187)
	at org.openqa.selenium.remote.http.W3CHttpResponseCodec.decode(W3CHttpResponseCodec.java:122)
	at org.openqa.selenium.remote.http.W3CHttpResponseCodec.decode(W3CHttpResponseCodec.java:49)
	at org.openqa.selenium.remote.HttpCommandExecutor.execute(HttpCommandExecutor.java:158)
	at org.openqa.selenium.remote.service.DriverCommandExecutor.execute(DriverCommandExecutor.java:83)
	at org.openqa.selenium.remote.RemoteWebDriver.execute(RemoteWebDriver.java:552)
	at org.openqa.selenium.remote.RemoteWebDriver.findElement(RemoteWebDriver.java:323)
	at org.openqa.selenium.remote.RemoteWebDriver.findElementByXPath(RemoteWebDriver.java:428)
	at org.openqa.selenium.By$ByXPath.findElement(By.java:353)
	at org.openqa.selenium.remote.RemoteWebDriver.findElement(RemoteWebDriver.java:315)
	at pages.GoogleEmail.setPassword(GoogleEmail.java:131)
	at pages.GoogleEmail.signIn(GoogleEmail.java:109)
	at tests.BaseClass.sendEmail(BaseClass.java:66)
	at java.base/java.util.ArrayList.forEach(ArrayList.java:1510)
... Removed 35 stack frames</div></td></tr></table><p class="totop"><a href="#summary">back to summary</a></p>
<h3 id="m3">tests.BaseClass#sendEmail</h3><table class="result"><tr class="param"><th>Parameter #1</th><th>Parameter #2</th><th>Parameter #3</th><th>Parameter #4</th><th>Parameter #5</th></tr><tr class="param stripe"><td>lqaavn@gmail.com</td><td>lqademomail2@gmail.com</td><td>lqa@12345</td><td>Appium Demo Email</td><td>This is auto email</td></tr><tr><th colspan="5">Exception</th></tr><tr><td colspan="5"><div class="stacktrace">org.openqa.selenium.StaleElementReferenceException: stale element reference: element is not attached to the page document
  (Session info: chrome=83.0.4103.116)
For documentation on this error, please visit: https://www.seleniumhq.org/exceptions/stale_element_reference.html
Build info: version: &apos;3.141.59&apos;, revision: &apos;e82be7d358&apos;, time: &apos;2018-11-14T08:17:03&apos;
System info: host: &apos;DESKTOP-HEJ0U33&apos;, ip: &apos;192.168.137.1&apos;, os.name: &apos;Windows 10&apos;, os.arch: &apos;amd64&apos;, os.version: &apos;10.0&apos;, java.version: &apos;14.0.1&apos;
Driver info: org.openqa.selenium.chrome.ChromeDriver
Capabilities {acceptInsecureCerts: false, browserName: chrome, browserVersion: 83.0.4103.116, chrome: {chromedriverVersion: 83.0.4103.39 (ccbf011cb2d2b..., userDataDir: C:\Users\NhanDT\AppData\Loc...}, goog:chromeOptions: {debuggerAddress: localhost:61031}, javascriptEnabled: true, networkConnectionEnabled: false, pageLoadStrategy: normal, platform: WINDOWS, platformName: WINDOWS, proxy: Proxy(), setWindowRect: true, strictFileInteractability: false, timeouts: {implicit: 0, pageLoad: 300000, script: 30000}, unhandledPromptBehavior: dismiss and notify, webauthn:virtualAuthenticators: true}
Session ID: b645249f48696e9d90bcdf65aba2af83
	at org.openqa.selenium.remote.http.W3CHttpResponseCodec.createException(W3CHttpResponseCodec.java:187)
	at org.openqa.selenium.remote.http.W3CHttpResponseCodec.decode(W3CHttpResponseCodec.java:122)
	at org.openqa.selenium.remote.http.W3CHttpResponseCodec.decode(W3CHttpResponseCodec.java:49)
	at org.openqa.selenium.remote.HttpCommandExecutor.execute(HttpCommandExecutor.java:158)
	at org.openqa.selenium.remote.service.DriverCommandExecutor.execute(DriverCommandExecutor.java:83)
	at org.openqa.selenium.remote.RemoteWebDriver.execute(RemoteWebDriver.java:552)
	at org.openqa.selenium.remote.RemoteWebElement.execute(RemoteWebElement.java:285)
	at org.openqa.selenium.remote.RemoteWebElement.getText(RemoteWebElement.java:166)
	at pages.GoogleEmail.isExistMailFrom(GoogleEmail.java:176)
	at pages.GoogleEmail.waitForNewEmailFrom(GoogleEmail.java:148)
	at tests.BaseClass.sendEmail(BaseClass.java:67)
	at java.base/java.util.ArrayList.forEach(ArrayList.java:1510)
... Removed 35 stack frames</div></td></tr></table><p class="totop"><a href="#summary">back to summary</a></p>
<h3 id="m4">tests.BaseClass#sendEmail</h3><table class="result"><tr class="param"><th>Parameter #1</th><th>Parameter #2</th><th>Parameter #3</th><th>Parameter #4</th><th>Parameter #5</th></tr><tr class="param stripe"><td>lqaavn@gmail.com</td><td>lqademomail1@gmail.com</td><td>lqa@12345</td><td>Appium Demo Email</td><td>This is auto email</td></tr></table><p class="totop"><a href="#summary">back to summary</a></p>
<h3 id="m5">tests.BaseClass#sendEmail</h3><table class="result"><tr class="param"><th>Parameter #1</th><th>Parameter #2</th><th>Parameter #3</th><th>Parameter #4</th><th>Parameter #5</th></tr><tr class="param stripe"><td>lqademomail@gmail.com</td><td>appiumDemo0@gmail.com</td><td>lqa@12345</td><td>Appium Demo Email</td><td>This is auto email</td></tr></table><p class="totop"><a href="#summary">back to summary</a></p>
<h3 id="m6">tests.BaseClass#sendEmail</h3><table class="result"><tr class="param"><th>Parameter #1</th><th>Parameter #2</th><th>Parameter #3</th><th>Parameter #4</th><th>Parameter #5</th></tr><tr class="param stripe"><td>lqaavn@gmail.com</td><td>lqademomail@gmail.com</td><td>lqa@12345</td><td>Appium Demo Email</td><td>This is auto email</td></tr></table><p class="totop"><a href="#summary">back to summary</a></p>
<h3 id="m7">tests.BaseClass#sendEmail</h3><table class="result"><tr class="param"><th>Parameter #1</th><th>Parameter #2</th><th>Parameter #3</th><th>Parameter #4</th><th>Parameter #5</th></tr><tr class="param stripe"><td>lqademomail@gmail.com</td><td>lqademomail2@gmail.com</td><td>lqa@12345</td><td>Appium Demo Email</td><td>This is auto email</td></tr></table><p class="totop"><a href="#summary">back to summary</a></p>
<h3 id="m8">tests.BaseClass#sendEmail</h3><table class="result"><tr class="param"><th>Parameter #1</th><th>Parameter #2</th><th>Parameter #3</th><th>Parameter #4</th><th>Parameter #5</th></tr><tr class="param stripe"><td>lqademomail1@gmail.com</td><td>appiumDemo0@gmail.com</td><td>lqa@12345</td><td>Appium Demo Email</td><td>This is auto email</td></tr></table><p class="totop"><a href="#summary">back to summary</a></p>
</body>
</html>
